<?xml version="1.0" encoding="utf-8"?><testsuites><testsuite name="pytest" errors="0" failures="0" skipped="0" tests="7" time="0.346" timestamp="2022-09-23T15:55:18.751488" hostname="ip-172-31-39-37.eu-west-1.compute.internal"><testcase classname="tests.unit.test_add_function.TestAdd" name="test_if_aks_has_get_method" time="0.004" /><testcase classname="tests.unit.test_add_function.TestAdd" name="test_result_of_double_add" time="0.110" /><testcase classname="tests.unit.test_add_function.TestAdd" name="test_stdout_of_add" time="0.003" /><testcase classname="tests.unit.test_authorized_keys.TestAuthorizedKey" name="test_if_authorizedkeys_initialized_with_empty_dict" time="0.002" /><testcase classname="tests.unit.test_authorized_keys.TestAuthorizedKey" name="test_if_file_name_exists" time="0.004" /><testcase classname="tests.unit.test_authorized_keys.TestAuthorizedKey" name="test_if_supresses_filenotfounderror" time="0.002" /><testcase classname="tests.unit.test_remove_function.TestRemove" name="test_remove" time="0.005" /></testsuite></testsuites>